#
# There is insufficient memory for the Java Runtime Environment to continue.
# Native memory allocation (malloc) failed to allocate 32744 bytes for ChunkPool::allocate
# Possible reasons:
#   The system is out of physical RAM or swap space
#   The process is running with CompressedOops enabled, and the Java Heap may be blocking the growth of the native heap
# Possible solutions:
#   Reduce memory load on the system
#   Increase physical memory or swap space
#   Check if swap backing store is full
#   Decrease Java heap size (-Xmx/-Xms)
#   Decrease number of Java threads
#   Decrease Java thread stack sizes (-Xss)
#   Set larger code cache with -XX:ReservedCodeCacheSize=
#   JVM is running with Zero Based Compressed Oops mode in which the Java heap is
#     placed in the first 32GB address space. The Java Heap base address is the
#     maximum limit for the native heap growth. Please use -XX:HeapBaseMinAddress
#     to set the Java Heap base and to place the Java Heap above 32GB virtual address.
# This output file may be truncated or incomplete.
#
#  Out of Memory Error (arena.cpp:78), pid=20716, tid=30880
#
# JRE version: Java(TM) SE Runtime Environment (17.0.8+9) (build 17.0.8+9-LTS-211)
# Java VM: Java HotSpot(TM) 64-Bit Server VM (17.0.8+9-LTS-211, mixed mode, sharing, tiered, compressed oops, compressed class ptrs, g1 gc, windows-amd64)
# No core dump will be written. Minidumps are not enabled by default on client versions of Windows
#

---------------  S U M M A R Y ------------

Command Line: App 65168

Host: AMD Ryzen 7 5800X 8-Core Processor             , 16 cores, 15G,  Windows 11 , 64 bit Build 22621 (10.0.22621.3085)
Time: Sun Feb 25 21:40:33 2024 Hora oficial do Brasil elapsed time: 0.087780 seconds (0d 0h 0m 0s)

---------------  T H R E A D  ---------------

Current thread (0x000001854801a1b0):  JavaThread "C1 CompilerThread0" daemon [_thread_in_native, id=30880, stack(0x0000007562700000,0x0000007562800000)]


Current CompileTask:
C1:     87   68       3       java.util.HashMap::getNode (150 bytes)

Stack: [0x0000007562700000,0x0000007562800000]
Native frames: (J=compiled Java code, j=interpreted, Vv=VM code, C=native code)
V  [jvm.dll+0x677d0a]
V  [jvm.dll+0x7d8c54]
V  [jvm.dll+0x7da3fe]
V  [jvm.dll+0x7daa63]
V  [jvm.dll+0x245c5f]
V  [jvm.dll+0xaacc0]
V  [jvm.dll+0xab00c]
V  [jvm.dll+0x175993]
V  [jvm.dll+0x175a5e]
V  [jvm.dll+0x178272]
V  [jvm.dll+0x179dd1]
V  [jvm.dll+0x134d83]
V  [jvm.dll+0x13468f]
V  [jvm.dll+0x1348c8]
V  [jvm.dll+0x133d61]
V  [jvm.dll+0x135a0d]
V  [jvm.dll+0x2270be]
V  [jvm.dll+0x22535b]
V  [jvm.dll+0x78e7bc]
V  [jvm.dll+0x788bba]
V  [jvm.dll+0x676b35]
C  [ucrtbase.dll+0x29363]
C  [KERNEL32.DLL+0x1257d]
C  [ntdll.dll+0x5aa58]


---------------  P R O C E S S  ---------------

Threads class SMR info:
_java_thread_list=0x000001854814da70, length=15, elements={
0x000001855f641be0, 0x0000018502ec6370, 0x00000185480070c0, 0x0000018548013b40,
0x0000018548014600, 0x0000018548016fc0, 0x0000018548017970, 0x0000018548019710,
0x000001854801a1b0, 0x000001854803f0d0, 0x000001854814a950, 0x000001854814d270,
0x0000018548182200, 0x00000185480094c0, 0x000001854a3d93b0
}

Java Threads: ( => current thread )
  0x000001855f641be0 JavaThread "main" [_thread_in_Java, id=64400, stack(0x0000007561900000,0x0000007561a00000)]
  0x0000018502ec6370 JavaThread "Reference Handler" daemon [_thread_blocked, id=80404, stack(0x0000007562000000,0x0000007562100000)]
  0x00000185480070c0 JavaThread "Finalizer" daemon [_thread_blocked, id=75512, stack(0x0000007562100000,0x0000007562200000)]
  0x0000018548013b40 JavaThread "Signal Dispatcher" daemon [_thread_blocked, id=48952, stack(0x0000007562200000,0x0000007562300000)]
  0x0000018548014600 JavaThread "Attach Listener" daemon [_thread_blocked, id=16368, stack(0x0000007562300000,0x0000007562400000)]
  0x0000018548016fc0 JavaThread "Service Thread" daemon [_thread_blocked, id=79140, stack(0x0000007562400000,0x0000007562500000)]
  0x0000018548017970 JavaThread "Monitor Deflation Thread" daemon [_thread_blocked, id=48944, stack(0x0000007562500000,0x0000007562600000)]
  0x0000018548019710 JavaThread "C2 CompilerThread0" daemon [_thread_in_native, id=80148, stack(0x0000007562600000,0x0000007562700000)]
=>0x000001854801a1b0 JavaThread "C1 CompilerThread0" daemon [_thread_in_native, id=30880, stack(0x0000007562700000,0x0000007562800000)]
  0x000001854803f0d0 JavaThread "Sweeper thread" daemon [_thread_blocked, id=60624, stack(0x0000007562800000,0x0000007562900000)]
  0x000001854814a950 JavaThread "C1 CompilerThread1" daemon [_thread_in_native, id=13392, stack(0x0000007562900000,0x0000007562a00000)]
  0x000001854814d270 JavaThread "C1 CompilerThread2" daemon [_thread_blocked, id=39920, stack(0x0000007562a00000,0x0000007562b00000)]
  0x0000018548182200 JavaThread "Notification Thread" daemon [_thread_blocked, id=20112, stack(0x0000007562b00000,0x0000007562c00000)]
  0x00000185480094c0 JavaThread "Common-Cleaner" daemon [_thread_blocked, id=41080, stack(0x0000007562d00000,0x0000007562e00000)]
  0x000001854a3d93b0 JavaThread "C2 CompilerThread1" daemon [_thread_in_native, id=2496, stack(0x0000007562e00000,0x0000007562f00000)]

Other Threads:
  0x0000018502ec5900 VMThread "VM Thread" [stack: 0x0000007561f00000,0x0000007562000000] [id=64280]
  0x000001855f6d5fa0 WatcherThread [stack: 0x0000007562c00000,0x0000007562d00000] [id=39548]
  0x000001855f6aed60 GCTaskThread "GC Thread#0" [stack: 0x0000007561a00000,0x0000007561b00000] [id=56808]
  0x000001855f6c0990 ConcurrentGCThread "G1 Main Marker" [stack: 0x0000007561b00000,0x0000007561c00000] [id=51024]
  0x000001855f6c19e0 ConcurrentGCThread "G1 Conc#0" [stack: 0x0000007561c00000,0x0000007561d00000] [id=81304]
  0x0000018502d7f240 ConcurrentGCThread "G1 Refine#0" [stack: 0x0000007561d00000,0x0000007561e00000] [id=71280]
  0x0000018502d7f910 ConcurrentGCThread "G1 Service" [stack: 0x0000007561e00000,0x0000007561f00000] [id=5340]

Threads with active compile tasks:
C2 CompilerThread0      105  109       4       java.util.zip.ZipCoder$UTF8ZipCoder::checkedHash (91 bytes)
C1 CompilerThread0      105   68       3       java.util.HashMap::getNode (150 bytes)
C1 CompilerThread1      105  105       3       java.util.zip.ZipFile$Source::isMetaName (141 bytes)
C2 CompilerThread1      105  119       4       java.lang.StringLatin1::indexOfChar (33 bytes)

VM state: not at safepoint (normal execution)

VM Mutex/Monitor currently owned by a thread: None

Heap address: 0x0000000701c00000, size: 4068 MB, Compressed Oops mode: Zero based, Oop shift amount: 3

CDS archive(s) mapped at: [0x0000018503000000-0x0000018503bd0000-0x0000018503bd0000), size 12386304, SharedBaseAddress: 0x0000018503000000, ArchiveRelocationMode: 1.
Compressed class space mapped at: 0x0000018504000000-0x0000018544000000, reserved size: 1073741824
Narrow klass base: 0x0000018503000000, Narrow klass shift: 0, Narrow klass range: 0x100000000

GC Precious Log:
 CPUs: 16 total, 16 available
 Memory: 16271M
 Large Page Support: Disabled
 NUMA Support: Disabled
 Compressed Oops: Enabled (Zero based)
 Heap Region Size: 2M
 Heap Min Capacity: 8M
 Heap Initial Capacity: 256M
 Heap Max Capacity: 4068M
 Pre-touch: Disabled
 Parallel Workers: 13
 Concurrent Workers: 3
 Concurrent Refinement Workers: 13
 Periodic GC: Disabled

Heap:
 garbage-first heap   total 262144K, used 2048K [0x0000000701c00000, 0x0000000800000000)
  region size 2048K, 2 young (4096K), 0 survivors (0K)
 Metaspace       used 184K, committed 256K, reserved 1114112K
  class space    used 6K, committed 64K, reserved 1048576K

Heap Regions: E=young(eden), S=young(survivor), O=old, HS=humongous(starts), HC=humongous(continues), CS=collection set, F=free, OA=open archive, CA=closed archive, TAMS=top-at-mark-start (previous, next)
|   0|0x0000000701c00000, 0x0000000701c00000, 0x0000000701e00000|  0%| F|  |TAMS 0x0000000701c00000, 0x0000000701c00000| Untracked 
|   1|0x0000000701e00000, 0x0000000701e00000, 0x0000000702000000|  0%| F|  |TAMS 0x0000000701e00000, 0x0000000701e00000| Untracked 
|   2|0x0000000702000000, 0x0000000702000000, 0x0000000702200000|  0%| F|  |TAMS 0x0000000702000000, 0x0000000702000000| Untracked 
|   3|0x0000000702200000, 0x0000000702200000, 0x0000000702400000|  0%| F|  |TAMS 0x0000000702200000, 0x0000000702200000| Untracked 
|   4|0x0000000702400000, 0x0000000702400000, 0x0000000702600000|  0%| F|  |TAMS 0x0000000702400000, 0x0000000702400000| Untracked 
|   5|0x0000000702600000, 0x0000000702600000, 0x0000000702800000|  0%| F|  |TAMS 0x0000000702600000, 0x0000000702600000| Untracked 
|   6|0x0000000702800000, 0x0000000702800000, 0x0000000702a00000|  0%| F|  |TAMS 0x0000000702800000, 0x0000000702800000| Untracked 
|   7|0x0000000702a00000, 0x0000000702a00000, 0x0000000702c00000|  0%| F|  |TAMS 0x0000000702a00000, 0x0000000702a00000| Untracked 
|   8|0x0000000702c00000, 0x0000000702c00000, 0x0000000702e00000|  0%| F|  |TAMS 0x0000000702c00000, 0x0000000702c00000| Untracked 
|   9|0x0000000702e00000, 0x0000000702e00000, 0x0000000703000000|  0%| F|  |TAMS 0x0000000702e00000, 0x0000000702e00000| Untracked 
|  10|0x0000000703000000, 0x0000000703000000, 0x0000000703200000|  0%| F|  |TAMS 0x0000000703000000, 0x0000000703000000| Untracked 
|  11|0x0000000703200000, 0x0000000703200000, 0x0000000703400000|  0%| F|  |TAMS 0x0000000703200000, 0x0000000703200000| Untracked 
|  12|0x0000000703400000, 0x0000000703400000, 0x0000000703600000|  0%| F|  |TAMS 0x0000000703400000, 0x0000000703400000| Untracked 
|  13|0x0000000703600000, 0x0000000703600000, 0x0000000703800000|  0%| F|  |TAMS 0x0000000703600000, 0x0000000703600000| Untracked 
|  14|0x0000000703800000, 0x0000000703800000, 0x0000000703a00000|  0%| F|  |TAMS 0x0000000703800000, 0x0000000703800000| Untracked 
|  15|0x0000000703a00000, 0x0000000703a00000, 0x0000000703c00000|  0%| F|  |TAMS 0x0000000703a00000, 0x0000000703a00000| Untracked 
|  16|0x0000000703c00000, 0x0000000703c00000, 0x0000000703e00000|  0%| F|  |TAMS 0x0000000703c00000, 0x0000000703c00000| Untracked 
|  17|0x0000000703e00000, 0x0000000703e00000, 0x0000000704000000|  0%| F|  |TAMS 0x0000000703e00000, 0x0000000703e00000| Untracked 
|  18|0x0000000704000000, 0x0000000704000000, 0x0000000704200000|  0%| F|  |TAMS 0x0000000704000000, 0x0000000704000000| Untracked 
|  19|0x0000000704200000, 0x0000000704200000, 0x0000000704400000|  0%| F|  |TAMS 0x0000000704200000, 0x0000000704200000| Untracked 
|  20|0x0000000704400000, 0x0000000704400000, 0x0000000704600000|  0%| F|  |TAMS 0x0000000704400000, 0x0000000704400000| Untracked 
|  21|0x0000000704600000, 0x0000000704600000, 0x0000000704800000|  0%| F|  |TAMS 0x0000000704600000, 0x0000000704600000| Untracked 
|  22|0x0000000704800000, 0x0000000704800000, 0x0000000704a00000|  0%| F|  |TAMS 0x0000000704800000, 0x0000000704800000| Untracked 
|  23|0x0000000704a00000, 0x0000000704a00000, 0x0000000704c00000|  0%| F|  |TAMS 0x0000000704a00000, 0x0000000704a00000| Untracked 
|  24|0x0000000704c00000, 0x0000000704c00000, 0x0000000704e00000|  0%| F|  |TAMS 0x0000000704c00000, 0x0000000704c00000| Untracked 
|  25|0x0000000704e00000, 0x0000000704e00000, 0x0000000705000000|  0%| F|  |TAMS 0x0000000704e00000, 0x0000000704e00000| Untracked 
|  26|0x0000000705000000, 0x0000000705000000, 0x0000000705200000|  0%| F|  |TAMS 0x0000000705000000, 0x0000000705000000| Untracked 
|  27|0x0000000705200000, 0x0000000705200000, 0x0000000705400000|  0%| F|  |TAMS 0x0000000705200000, 0x0000000705200000| Untracked 
|  28|0x0000000705400000, 0x0000000705400000, 0x0000000705600000|  0%| F|  |TAMS 0x0000000705400000, 0x0000000705400000| Untracked 
|  29|0x0000000705600000, 0x0000000705600000, 0x0000000705800000|  0%| F|  |TAMS 0x0000000705600000, 0x0000000705600000| Untracked 
|  30|0x0000000705800000, 0x0000000705800000, 0x0000000705a00000|  0%| F|  |TAMS 0x0000000705800000, 0x0000000705800000| Untracked 
|  31|0x0000000705a00000, 0x0000000705a00000, 0x0000000705c00000|  0%| F|  |TAMS 0x0000000705a00000, 0x0000000705a00000| Untracked 
|  32|0x0000000705c00000, 0x0000000705c00000, 0x0000000705e00000|  0%| F|  |TAMS 0x0000000705c00000, 0x0000000705c00000| Untracked 
|  33|0x0000000705e00000, 0x0000000705e00000, 0x0000000706000000|  0%| F|  |TAMS 0x0000000705e00000, 0x0000000705e00000| Untracked 
|  34|0x0000000706000000, 0x0000000706000000, 0x0000000706200000|  0%| F|  |TAMS 0x0000000706000000, 0x0000000706000000| Untracked 
|  35|0x0000000706200000, 0x0000000706200000, 0x0000000706400000|  0%| F|  |TAMS 0x0000000706200000, 0x0000000706200000| Untracked 
|  36|0x0000000706400000, 0x0000000706400000, 0x0000000706600000|  0%| F|  |TAMS 0x0000000706400000, 0x0000000706400000| Untracked 
|  37|0x0000000706600000, 0x0000000706600000, 0x0000000706800000|  0%| F|  |TAMS 0x0000000706600000, 0x0000000706600000| Untracked 
|  38|0x0000000706800000, 0x0000000706800000, 0x0000000706a00000|  0%| F|  |TAMS 0x0000000706800000, 0x0000000706800000| Untracked 
|  39|0x0000000706a00000, 0x0000000706a00000, 0x0000000706c00000|  0%| F|  |TAMS 0x0000000706a00000, 0x0000000706a00000| Untracked 
|  40|0x0000000706c00000, 0x0000000706c00000, 0x0000000706e00000|  0%| F|  |TAMS 0x0000000706c00000, 0x0000000706c00000| Untracked 
|  41|0x0000000706e00000, 0x0000000706e00000, 0x0000000707000000|  0%| F|  |TAMS 0x0000000706e00000, 0x0000000706e00000| Untracked 
|  42|0x0000000707000000, 0x0000000707000000, 0x0000000707200000|  0%| F|  |TAMS 0x0000000707000000, 0x0000000707000000| Untracked 
|  43|0x0000000707200000, 0x0000000707200000, 0x0000000707400000|  0%| F|  |TAMS 0x0000000707200000, 0x0000000707200000| Untracked 
|  44|0x0000000707400000, 0x0000000707400000, 0x0000000707600000|  0%| F|  |TAMS 0x0000000707400000, 0x0000000707400000| Untracked 
|  45|0x0000000707600000, 0x0000000707600000, 0x0000000707800000|  0%| F|  |TAMS 0x0000000707600000, 0x0000000707600000| Untracked 
|  46|0x0000000707800000, 0x0000000707800000, 0x0000000707a00000|  0%| F|  |TAMS 0x0000000707800000, 0x0000000707800000| Untracked 
|  47|0x0000000707a00000, 0x0000000707a00000, 0x0000000707c00000|  0%| F|  |TAMS 0x0000000707a00000, 0x0000000707a00000| Untracked 
|  48|0x0000000707c00000, 0x0000000707c00000, 0x0000000707e00000|  0%| F|  |TAMS 0x0000000707c00000, 0x0000000707c00000| Untracked 
|  49|0x0000000707e00000, 0x0000000707e00000, 0x0000000708000000|  0%| F|  |TAMS 0x0000000707e00000, 0x0000000707e00000| Untracked 
|  50|0x0000000708000000, 0x0000000708000000, 0x0000000708200000|  0%| F|  |TAMS 0x0000000708000000, 0x0000000708000000| Untracked 
|  51|0x0000000708200000, 0x0000000708200000, 0x0000000708400000|  0%| F|  |TAMS 0x0000000708200000, 0x0000000708200000| Untracked 
|  52|0x0000000708400000, 0x0000000708400000, 0x0000000708600000|  0%| F|  |TAMS 0x0000000708400000, 0x0000000708400000| Untracked 
|  53|0x0000000708600000, 0x0000000708600000, 0x0000000708800000|  0%| F|  |TAMS 0x0000000708600000, 0x0000000708600000| Untracked 
|  54|0x0000000708800000, 0x0000000708800000, 0x0000000708a00000|  0%| F|  |TAMS 0x0000000708800000, 0x0000000708800000| Untracked 
|  55|0x0000000708a00000, 0x0000000708a00000, 0x0000000708c00000|  0%| F|  |TAMS 0x0000000708a00000, 0x0000000708a00000| Untracked 
|  56|0x0000000708c00000, 0x0000000708c00000, 0x0000000708e00000|  0%| F|  |TAMS 0x0000000708c00000, 0x0000000708c00000| Untracked 
|  57|0x0000000708e00000, 0x0000000708e00000, 0x0000000709000000|  0%| F|  |TAMS 0x0000000708e00000, 0x0000000708e00000| Untracked 
|  58|0x0000000709000000, 0x0000000709000000, 0x0000000709200000|  0%| F|  |TAMS 0x0000000709000000, 0x0000000709000000| Untracked 
|  59|0x0000000709200000, 0x0000000709200000, 0x0000000709400000|  0%| F|  |TAMS 0x0000000709200000, 0x0000000709200000| Untracked 
|  60|0x0000000709400000, 0x0000000709400000, 0x0000000709600000|  0%| F|  |TAMS 0x0000000709400000, 0x0000000709400000| Untracked 
|  61|0x0000000709600000, 0x0000000709600000, 0x0000000709800000|  0%| F|  |TAMS 0x0000000709600000, 0x0000000709600000| Untracked 
|  62|0x0000000709800000, 0x0000000709800000, 0x0000000709a00000|  0%| F|  |TAMS 0x0000000709800000, 0x0000000709800000| Untracked 
|  63|0x0000000709a00000, 0x0000000709a00000, 0x0000000709c00000|  0%| F|  |TAMS 0x0000000709a00000, 0x0000000709a00000| Untracked 
|  64|0x0000000709c00000, 0x0000000709c00000, 0x0000000709e00000|  0%| F|  |TAMS 0x0000000709c00000, 0x0000000709c00000| Untracked 
|  65|0x0000000709e00000, 0x0000000709e00000, 0x000000070a000000|  0%| F|  |TAMS 0x0000000709e00000, 0x0000000709e00000| Untracked 
|  66|0x000000070a000000, 0x000000070a000000, 0x000000070a200000|  0%| F|  |TAMS 0x000000070a000000, 0x000000070a000000| Untracked 
|  67|0x000000070a200000, 0x000000070a200000, 0x000000070a400000|  0%| F|  |TAMS 0x000000070a200000, 0x000000070a200000| Untracked 
|  68|0x000000070a400000, 0x000000070a400000, 0x000000070a600000|  0%| F|  |TAMS 0x000000070a400000, 0x000000070a400000| Untracked 
|  69|0x000000070a600000, 0x000000070a600000, 0x000000070a800000|  0%| F|  |TAMS 0x000000070a600000, 0x000000070a600000| Untracked 
|  70|0x000000070a800000, 0x000000070a800000, 0x000000070aa00000|  0%| F|  |TAMS 0x000000070a800000, 0x000000070a800000| Untracked 
|  71|0x000000070aa00000, 0x000000070aa00000, 0x000000070ac00000|  0%| F|  |TAMS 0x000000070aa00000, 0x000000070aa00000| Untracked 
|  72|0x000000070ac00000, 0x000000070ac00000, 0x000000070ae00000|  0%| F|  |TAMS 0x000000070ac00000, 0x000000070ac00000| Untracked 
|  73|0x000000070ae00000, 0x000000070ae00000, 0x000000070b000000|  0%| F|  |TAMS 0x000000070ae00000, 0x000000070ae00000| Untracked 
|  74|0x000000070b000000, 0x000000070b000000, 0x000000070b200000|  0%| F|  |TAMS 0x000000070b000000, 0x000000070b000000| Untracked 
|  75|0x000000070b200000, 0x000000070b200000, 0x000000070b400000|  0%| F|  |TAMS 0x000000070b200000, 0x000000070b200000| Untracked 
|  76|0x000000070b400000, 0x000000070b400000, 0x000000070b600000|  0%| F|  |TAMS 0x000000070b400000, 0x000000070b400000| Untracked 
|  77|0x000000070b600000, 0x000000070b600000, 0x000000070b800000|  0%| F|  |TAMS 0x000000070b600000, 0x000000070b600000| Untracked 
|  78|0x000000070b800000, 0x000000070b800000, 0x000000070ba00000|  0%| F|  |TAMS 0x000000070b800000, 0x000000070b800000| Untracked 
|  79|0x000000070ba00000, 0x000000070ba00000, 0x000000070bc00000|  0%| F|  |TAMS 0x000000070ba00000, 0x000000070ba00000| Untracked 
|  80|0x000000070bc00000, 0x000000070bc00000, 0x000000070be00000|  0%| F|  |TAMS 0x000000070bc00000, 0x000000070bc00000| Untracked 
|  81|0x000000070be00000, 0x000000070be00000, 0x000000070c000000|  0%| F|  |TAMS 0x000000070be00000, 0x000000070be00000| Untracked 
|  82|0x000000070c000000, 0x000000070c000000, 0x000000070c200000|  0%| F|  |TAMS 0x000000070c000000, 0x000000070c000000| Untracked 
|  83|0x000000070c200000, 0x000000070c200000, 0x000000070c400000|  0%| F|  |TAMS 0x000000070c200000, 0x000000070c200000| Untracked 
|  84|0x000000070c400000, 0x000000070c400000, 0x000000070c600000|  0%| F|  |TAMS 0x000000070c400000, 0x000000070c400000| Untracked 
|  85|0x000000070c600000, 0x000000070c600000, 0x000000070c800000|  0%| F|  |TAMS 0x000000070c600000, 0x000000070c600000| Untracked 
|  86|0x000000070c800000, 0x000000070c800000, 0x000000070ca00000|  0%| F|  |TAMS 0x000000070c800000, 0x000000070c800000| Untracked 
|  87|0x000000070ca00000, 0x000000070ca00000, 0x000000070cc00000|  0%| F|  |TAMS 0x000000070ca00000, 0x000000070ca00000| Untracked 
|  88|0x000000070cc00000, 0x000000070cc00000, 0x000000070ce00000|  0%| F|  |TAMS 0x000000070cc00000, 0x000000070cc00000| Untracked 
|  89|0x000000070ce00000, 0x000000070ce00000, 0x000000070d000000|  0%| F|  |TAMS 0x000000070ce00000, 0x000000070ce00000| Untracked 
|  90|0x000000070d000000, 0x000000070d000000, 0x000000070d200000|  0%| F|  |TAMS 0x000000070d000000, 0x000000070d000000| Untracked 
|  91|0x000000070d200000, 0x000000070d200000, 0x000000070d400000|  0%| F|  |TAMS 0x000000070d200000, 0x000000070d200000| Untracked 
|  92|0x000000070d400000, 0x000000070d400000, 0x000000070d600000|  0%| F|  |TAMS 0x000000070d400000, 0x000000070d400000| Untracked 
|  93|0x000000070d600000, 0x000000070d600000, 0x000000070d800000|  0%| F|  |TAMS 0x000000070d600000, 0x000000070d600000| Untracked 
|  94|0x000000070d800000, 0x000000070d800000, 0x000000070da00000|  0%| F|  |TAMS 0x000000070d800000, 0x000000070d800000| Untracked 
|  95|0x000000070da00000, 0x000000070da00000, 0x000000070dc00000|  0%| F|  |TAMS 0x000000070da00000, 0x000000070da00000| Untracked 
|  96|0x000000070dc00000, 0x000000070dc00000, 0x000000070de00000|  0%| F|  |TAMS 0x000000070dc00000, 0x000000070dc00000| Untracked 
|  97|0x000000070de00000, 0x000000070de00000, 0x000000070e000000|  0%| F|  |TAMS 0x000000070de00000, 0x000000070de00000| Untracked 
|  98|0x000000070e000000, 0x000000070e000000, 0x000000070e200000|  0%| F|  |TAMS 0x000000070e000000, 0x000000070e000000| Untracked 
|  99|0x000000070e200000, 0x000000070e200000, 0x000000070e400000|  0%| F|  |TAMS 0x000000070e200000, 0x000000070e200000| Untracked 
| 100|0x000000070e400000, 0x000000070e400000, 0x000000070e600000|  0%| F|  |TAMS 0x000000070e400000, 0x000000070e400000| Untracked 
| 101|0x000000070e600000, 0x000000070e600000, 0x000000070e800000|  0%| F|  |TAMS 0x000000070e600000, 0x000000070e600000| Untracked 
| 102|0x000000070e800000, 0x000000070e800000, 0x000000070ea00000|  0%| F|  |TAMS 0x000000070e800000, 0x000000070e800000| Untracked 
| 103|0x000000070ea00000, 0x000000070ea00000, 0x000000070ec00000|  0%| F|  |TAMS 0x000000070ea00000, 0x000000070ea00000| Untracked 
| 104|0x000000070ec00000, 0x000000070ec00000, 0x000000070ee00000|  0%| F|  |TAMS 0x000000070ec00000, 0x000000070ec00000| Untracked 
| 105|0x000000070ee00000, 0x000000070ee00000, 0x000000070f000000|  0%| F|  |TAMS 0x000000070ee00000, 0x000000070ee00000| Untracked 
| 106|0x000000070f000000, 0x000000070f000000, 0x000000070f200000|  0%| F|  |TAMS 0x000000070f000000, 0x000000070f000000| Untracked 
| 107|0x000000070f200000, 0x000000070f200000, 0x000000070f400000|  0%| F|  |TAMS 0x000000070f200000, 0x000000070f200000| Untracked 
| 108|0x000000070f400000, 0x000000070f400000, 0x000000070f600000|  0%| F|  |TAMS 0x000000070f400000, 0x000000070f400000| Untracked 
| 109|0x000000070f600000, 0x000000070f600000, 0x000000070f800000|  0%| F|  |TAMS 0x000000070f600000, 0x000000070f600000| Untracked 
| 110|0x000000070f800000, 0x000000070f800000, 0x000000070fa00000|  0%| F|  |TAMS 0x000000070f800000, 0x000000070f800000| Untracked 
| 111|0x000000070fa00000, 0x000000070fa00000, 0x000000070fc00000|  0%| F|  |TAMS 0x000000070fa00000, 0x000000070fa00000| Untracked 
| 112|0x000000070fc00000, 0x000000070fc00000, 0x000000070fe00000|  0%| F|  |TAMS 0x000000070fc00000, 0x000000070fc00000| Untracked 
| 113|0x000000070fe00000, 0x000000070fe00000, 0x0000000710000000|  0%| F|  |TAMS 0x000000070fe00000, 0x000000070fe00000| Untracked 
| 114|0x0000000710000000, 0x0000000710000000, 0x0000000710200000|  0%| F|  |TAMS 0x0000000710000000, 0x0000000710000000| Untracked 
| 115|0x0000000710200000, 0x0000000710200000, 0x0000000710400000|  0%| F|  |TAMS 0x0000000710200000, 0x0000000710200000| Untracked 
| 116|0x0000000710400000, 0x0000000710400000, 0x0000000710600000|  0%| F|  |TAMS 0x0000000710400000, 0x0000000710400000| Untracked 
| 117|0x0000000710600000, 0x0000000710600000, 0x0000000710800000|  0%| F|  |TAMS 0x0000000710600000, 0x0000000710600000| Untracked 
| 118|0x0000000710800000, 0x0000000710800000, 0x0000000710a00000|  0%| F|  |TAMS 0x0000000710800000, 0x0000000710800000| Untracked 
| 119|0x0000000710a00000, 0x0000000710a00000, 0x0000000710c00000|  0%| F|  |TAMS 0x0000000710a00000, 0x0000000710a00000| Untracked 
| 120|0x0000000710c00000, 0x0000000710c00000, 0x0000000710e00000|  0%| F|  |TAMS 0x0000000710c00000, 0x0000000710c00000| Untracked 
| 121|0x0000000710e00000, 0x0000000710e00000, 0x0000000711000000|  0%| F|  |TAMS 0x0000000710e00000, 0x0000000710e00000| Untracked 
| 122|0x0000000711000000, 0x0000000711000000, 0x0000000711200000|  0%| F|  |TAMS 0x0000000711000000, 0x0000000711000000| Untracked 
| 123|0x0000000711200000, 0x0000000711200000, 0x0000000711400000|  0%| F|  |TAMS 0x0000000711200000, 0x0000000711200000| Untracked 
| 124|0x0000000711400000, 0x0000000711400000, 0x0000000711600000|  0%| F|  |TAMS 0x0000000711400000, 0x0000000711400000| Untracked 
| 125|0x0000000711600000, 0x0000000711600000, 0x0000000711800000|  0%| F|  |TAMS 0x0000000711600000, 0x0000000711600000| Untracked 
| 126|0x0000000711800000, 0x00000007118713a8, 0x0000000711a00000| 22%| E|  |TAMS 0x0000000711800000, 0x0000000711800000| Complete 
| 127|0x0000000711a00000, 0x0000000711c00000, 0x0000000711c00000|100%| E|CS|TAMS 0x0000000711a00000, 0x0000000711a00000| Complete 

Card table byte_map: [0x0000018576f60000,0x0000018577760000] _byte_map_base: 0x0000018573752000

Marking Bits (Prev, Next): (CMBitMap*) 0x000001855f6af210, (CMBitMap*) 0x000001855f6af250
 Prev Bits: [0x0000018577f60000, 0x000001857bef0000)
 Next Bits: [0x000001857bef0000, 0x000001857fe80000)

Polling page: 0x000001855d620000

Metaspace:

Usage:
  Non-class:    185.13 KB used.
      Class:      6.30 KB used.
       Both:    191.43 KB used.

Virtual space:
  Non-class space:       64.00 MB reserved,     192.00 KB ( <1%) committed,  1 nodes.
      Class space:        1.00 GB reserved,      64.00 KB ( <1%) committed,  1 nodes.
             Both:        1.06 GB reserved,     256.00 KB ( <1%) committed. 

Chunk freelists:
   Non-Class:  12.00 MB
       Class:  15.75 MB
        Both:  27.75 MB

MaxMetaspaceSize: unlimited
CompressedClassSpaceSize: 1.00 GB
Initial GC threshold: 21.00 MB
Current GC threshold: 21.00 MB
CDS: on
MetaspaceReclaimPolicy: balanced
 - commit_granule_bytes: 65536.
 - commit_granule_words: 8192.
 - virtual_space_node_default_size: 8388608.
 - enlarge_chunks_in_place: 1.
 - new_chunks_are_fully_committed: 0.
 - uncommit_free_chunks: 1.
 - use_allocation_guard: 0.
 - handle_deallocations: 1.


Internal statistics:

num_allocs_failed_limit: 0.
num_arena_births: 2.
num_arena_deaths: 0.
num_vsnodes_births: 2.
num_vsnodes_deaths: 0.
num_space_committed: 4.
num_space_uncommitted: 0.
num_chunks_returned_to_freelist: 0.
num_chunks_taken_from_freelist: 3.
num_chunk_merges: 0.
num_chunk_splits: 2.
num_chunks_enlarged: 0.
num_purges: 0.
num_inconsistent_stats: 0.

CodeHeap 'non-profiled nmethods': size=119168Kb used=26Kb max_used=26Kb free=119141Kb
 bounds [0x000001856ea70000, 0x000001856ece0000, 0x0000018575ed0000]
CodeHeap 'profiled nmethods': size=119104Kb used=174Kb max_used=174Kb free=118930Kb
 bounds [0x0000018566ed0000, 0x0000018567140000, 0x000001856e320000]
CodeHeap 'non-nmethods': size=7488Kb used=2182Kb max_used=2196Kb free=5305Kb
 bounds [0x000001856e320000, 0x000001856e590000, 0x000001856ea70000]
 total_blobs=451 nmethods=133 adapters=229
 compilation: enabled
              stopped_count=0, restarted_count=0
 full_count=0

Compilation events (20 events):
Event: 0.085 Thread 0x000001854801a1b0 nmethod 53 0x0000018566edd090 code [0x0000018566edd400, 0x0000018566edefa8]
Event: 0.085 Thread 0x000001854801a1b0   54       3       java.util.concurrent.ConcurrentHashMap$Node::<init> (20 bytes)
Event: 0.085 Thread 0x000001854801a1b0 nmethod 54 0x0000018566edf990 code [0x0000018566edfb40, 0x0000018566edfd78]
Event: 0.085 Thread 0x000001854801a1b0   55       3       java.util.concurrent.ConcurrentHashMap::addCount (280 bytes)
Event: 0.085 Thread 0x000001854801a1b0 nmethod 55 0x0000018566edfe10 code [0x0000018566ee0060, 0x0000018566ee0a08]
Event: 0.085 Thread 0x000001854801a1b0   59       3       java.util.concurrent.ConcurrentHashMap::putIfAbsent (8 bytes)
Event: 0.086 Thread 0x000001854801a1b0 nmethod 59 0x0000018566ee0d10 code [0x0000018566ee0ea0, 0x0000018566ee0fe8]
Event: 0.086 Thread 0x000001854801a1b0   58       3       java.util.concurrent.ConcurrentHashMap::casTabAt (21 bytes)
Event: 0.086 Thread 0x000001854814a950   52       3       java.util.HashMap::hash (20 bytes)
Event: 0.086 Thread 0x000001854801a1b0 nmethod 58 0x0000018566ee1090 code [0x0000018566ee1220, 0x0000018566ee1398]
Event: 0.086 Thread 0x000001854814d270   60       3       java.util.HashMap::putVal (300 bytes)
Event: 0.086 Thread 0x000001854814a950 nmethod 52 0x0000018566ee1410 code [0x0000018566ee15c0, 0x0000018566ee17c8]
Event: 0.086 Thread 0x000001854801a1b0   68       3       java.util.HashMap::getNode (150 bytes)
Event: 0.086 Thread 0x000001854814a950   51       3       jdk.internal.module.ModuleReferenceImpl::hashCode (56 bytes)
Event: 0.086 Thread 0x000001854814a950 nmethod 51 0x0000018566ee1890 code [0x0000018566ee1a80, 0x0000018566ee1f08]
Event: 0.086 Thread 0x000001854814a950   62       3       java.util.HashMap::newNode (13 bytes)
Event: 0.086 Thread 0x000001854814a950 nmethod 62 0x0000018566ee2090 code [0x0000018566ee2240, 0x0000018566ee2598]
Event: 0.086 Thread 0x000001854814a950   63       3       java.util.HashMap$Node::<init> (26 bytes)
Event: 0.086 Thread 0x000001854814a950 nmethod 63 0x0000018566ee2690 code [0x0000018566ee2840, 0x0000018566ee2ad8]
Event: 0.086 Thread 0x000001854814a950   64       3       java.util.HashMap::afterNodeInsertion (1 bytes)

GC Heap History (0 events):
No events

Deoptimization events (0 events):
No events

Classes unloaded (0 events):
No events

Classes redefined (0 events):
No events

Internal exceptions (0 events):
No events

VM Operations (0 events):
No events

Events (14 events):
Event: 0.008 Loaded shared library C:\Program Files\Java\jdk-17\bin\java.dll
Event: 0.024 Loaded shared library C:\Program Files\Java\jdk-17\bin\jsvml.dll
Event: 0.024 Thread 0x000001855f641be0 Thread added: 0x000001855f641be0
Event: 0.026 Thread 0x0000018502ec6370 Thread added: 0x0000018502ec6370
Event: 0.027 Thread 0x00000185480070c0 Thread added: 0x00000185480070c0
Event: 0.034 Thread 0x0000018548013b40 Thread added: 0x0000018548013b40
Event: 0.034 Thread 0x0000018548014600 Thread added: 0x0000018548014600
Event: 0.034 Thread 0x0000018548016fc0 Thread added: 0x0000018548016fc0
Event: 0.034 Thread 0x0000018548017970 Thread added: 0x0000018548017970
Event: 0.034 Thread 0x0000018548019710 Thread added: 0x0000018548019710
Event: 0.034 Thread 0x000001854801a1b0 Thread added: 0x000001854801a1b0
Event: 0.034 Thread 0x000001854803f0d0 Thread added: 0x000001854803f0d0
Event: 0.085 Thread 0x000001854814a950 Thread added: 0x000001854814a950
Event: 0.086 Thread 0x000001854814d270 Thread added: 0x000001854814d270


Dynamic libraries:
0x00007ff6fa130000 - 0x00007ff6fa140000 	C:\Program Files\Java\jdk-17\bin\java.exe
0x00007fff0ced0000 - 0x00007fff0d0e7000 	C:\WINDOWS\SYSTEM32\ntdll.dll
0x00007fff0afd0000 - 0x00007fff0b094000 	C:\WINDOWS\System32\KERNEL32.DLL
0x00007fff0a2d0000 - 0x00007fff0a676000 	C:\WINDOWS\System32\KERNELBASE.dll
0x00007fff0a7a0000 - 0x00007fff0a8b1000 	C:\WINDOWS\System32\ucrtbase.dll
0x00007fff04400000 - 0x00007fff04419000 	C:\Program Files\Java\jdk-17\bin\jli.dll
0x00007fff055d0000 - 0x00007fff055eb000 	C:\Program Files\Java\jdk-17\bin\VCRUNTIME140.dll
0x00007fff0b2e0000 - 0x00007fff0b393000 	C:\WINDOWS\System32\ADVAPI32.dll
0x00007fff0b3a0000 - 0x00007fff0b447000 	C:\WINDOWS\System32\msvcrt.dll
0x00007fff0b120000 - 0x00007fff0b1c8000 	C:\WINDOWS\System32\sechost.dll
0x00007fff0a8c0000 - 0x00007fff0a8e8000 	C:\WINDOWS\System32\bcrypt.dll
0x00007fff0c160000 - 0x00007fff0c277000 	C:\WINDOWS\System32\RPCRT4.dll
0x00007fff0c5a0000 - 0x00007fff0c74e000 	C:\WINDOWS\System32\USER32.dll
0x00007fff0aad0000 - 0x00007fff0aaf6000 	C:\WINDOWS\System32\win32u.dll
0x00007ffefdee0000 - 0x00007ffefe173000 	C:\WINDOWS\WinSxS\amd64_microsoft.windows.common-controls_6595b64144ccf1df_6.0.22621.2506_none_270c5ae97388e100\COMCTL32.dll
0x00007fff0c750000 - 0x00007fff0c779000 	C:\WINDOWS\System32\GDI32.dll
0x00007fff0ab00000 - 0x00007fff0ac18000 	C:\WINDOWS\System32\gdi32full.dll
0x00007fff0a680000 - 0x00007fff0a71a000 	C:\WINDOWS\System32\msvcp_win.dll
0x00007fff01a00000 - 0x00007fff01a0a000 	C:\WINDOWS\SYSTEM32\VERSION.dll
0x00007fff0c360000 - 0x00007fff0c391000 	C:\WINDOWS\System32\IMM32.DLL
0x00007fff043c0000 - 0x00007fff043cc000 	C:\Program Files\Java\jdk-17\bin\vcruntime140_1.dll
0x00007ffef8ea0000 - 0x00007ffef8f2e000 	C:\Program Files\Java\jdk-17\bin\msvcp140.dll
0x00007ffe74c60000 - 0x00007ffe7583e000 	C:\Program Files\Java\jdk-17\bin\server\jvm.dll
0x00007fff0b110000 - 0x00007fff0b118000 	C:\WINDOWS\System32\PSAPI.DLL
0x00007fff02eb0000 - 0x00007fff02ee4000 	C:\WINDOWS\SYSTEM32\WINMM.dll
0x00007fff01710000 - 0x00007fff01719000 	C:\WINDOWS\SYSTEM32\WSOCK32.dll
0x00007fff0cc00000 - 0x00007fff0cc71000 	C:\WINDOWS\System32\WS2_32.dll
0x00007fff09300000 - 0x00007fff09318000 	C:\WINDOWS\SYSTEM32\kernel.appcore.dll
0x00007fff01700000 - 0x00007fff0170a000 	C:\Program Files\Java\jdk-17\bin\jimage.dll
0x00007ffef6da0000 - 0x00007ffef6fd3000 	C:\WINDOWS\SYSTEM32\DBGHELP.DLL
0x00007fff0ac20000 - 0x00007fff0afa9000 	C:\WINDOWS\System32\combase.dll
0x00007fff0c280000 - 0x00007fff0c357000 	C:\WINDOWS\System32\OLEAUT32.dll
0x00007ffee4c60000 - 0x00007ffee4c92000 	C:\WINDOWS\SYSTEM32\dbgcore.DLL
0x00007fff0a720000 - 0x00007fff0a79a000 	C:\WINDOWS\System32\bcryptPrimitives.dll
0x00007ffef8e70000 - 0x00007ffef8e95000 	C:\Program Files\Java\jdk-17\bin\java.dll
0x00007ffed89f0000 - 0x00007ffed8ac7000 	C:\Program Files\Java\jdk-17\bin\jsvml.dll
0x00007fff0b900000 - 0x00007fff0c15b000 	C:\WINDOWS\System32\SHELL32.dll
0x00007fff08130000 - 0x00007fff08a26000 	C:\WINDOWS\SYSTEM32\windows.storage.dll
0x00007fff07ff0000 - 0x00007fff0812e000 	C:\WINDOWS\SYSTEM32\wintypes.dll
0x00007fff0b770000 - 0x00007fff0b863000 	C:\WINDOWS\System32\SHCORE.dll
0x00007fff0cd80000 - 0x00007fff0cdde000 	C:\WINDOWS\System32\shlwapi.dll
0x00007fff0a140000 - 0x00007fff0a166000 	C:\WINDOWS\SYSTEM32\profapi.dll
0x00007ffefe740000 - 0x00007ffefe759000 	C:\Program Files\Java\jdk-17\bin\net.dll
0x00007fff03110000 - 0x00007fff03247000 	C:\WINDOWS\SYSTEM32\WINHTTP.dll
0x00007fff09770000 - 0x00007fff097d9000 	C:\WINDOWS\system32\mswsock.dll
0x00007ffef8e50000 - 0x00007ffef8e66000 	C:\Program Files\Java\jdk-17\bin\nio.dll
0x00007ffef8e30000 - 0x00007ffef8e48000 	C:\Program Files\Java\jdk-17\bin\zip.dll

dbghelp: loaded successfully - version: 4.0.5 - missing functions: none
symbol engine: initialized successfully - sym options: 0x614 - pdb path: .;C:\Program Files\Java\jdk-17\bin;C:\WINDOWS\SYSTEM32;C:\WINDOWS\WinSxS\amd64_microsoft.windows.common-controls_6595b64144ccf1df_6.0.22621.2506_none_270c5ae97388e100;C:\Program Files\Java\jdk-17\bin\server

VM Arguments:
java_command: App 65168
java_class_path (initial): c:\Users\Cliente\.vscode\extensions\adamvoss.vscode-languagetool-3.8.0\lib\languagetool-languageserver\build\install\languagetool-languageserver\bin\..\lib\annotations-12.0.jar;c:\Users\Cliente\.vscode\extensions\adamvoss.vscode-languagetool-3.8.0\lib\languagetool-languageserver\build\install\languagetool-languageserver\bin\..\lib\autolink-0.6.0.jar;c:\Users\Cliente\.vscode\extensions\adamvoss.vscode-languagetool-3.8.0\lib\languagetool-languageserver\build\install\languagetool-languageserver\bin\..\lib\berkeleylm-1.1.2.jar;c:\Users\Cliente\.vscode\extensions\adamvoss.vscode-languagetool-3.8.0\lib\languagetool-languageserver\build\install\languagetool-languageserver\bin\..\lib\commons-lang3-3.5.jar;c:\Users\Cliente\.vscode\extensions\adamvoss.vscode-languagetool-3.8.0\lib\languagetool-languageserver\build\install\languagetool-languageserver\bin\..\lib\commons-logging-1.2.jar;c:\Users\Cliente\.vscode\extensions\adamvoss.vscode-languagetool-3.8.0\lib\languagetool-languageserver\build\install\languagetool-languageserver\bin\..\lib\flexmark-0.19.1.jar;c:\Users\Cliente\.vscode\extensions\adamvoss.vscode-languagetool-3.8.0\lib\languagetool-languageserver\build\install\languagetool-languageserver\bin\..\lib\flexmark-all-0.19.1.jar;c:\Users\Cliente\.vscode\extensions\adamvoss.vscode-languagetool-3.8.0\lib\languagetool-languageserver\build\install\languagetool-languageserver\bin\..\lib\flexmark-ext-abbreviation-0.19.1.jar;c:\Users\Cliente\.vscode\extensions\adamvoss.vscode-languagetool-3.8.0\lib\languagetool-languageserver\build\install\languagetool-languageserver\bin\..\lib\flexmark-ext-anchorlink-0.19.1.jar;c:\Users\Cliente\.vscode\extensions\adamvoss.vscode-languagetool-3.8.0\lib\languagetool-languageserver\build\install\languagetool-languageserver\bin\..\lib\flexmark-ext-aside-0.19.1.jar;c:\Users\Cliente\.vscode\extensions\adamvoss.vscode-languagetool-3.8.0\lib\languagetool-languageserver\build\install\languagetool-languageserver\bin\..\lib\fl
Launcher Type: SUN_STANDARD

[Global flags]
     intx CICompilerCount                          = 12                                        {product} {ergonomic}
     uint ConcGCThreads                            = 3                                         {product} {ergonomic}
     uint G1ConcRefinementThreads                  = 13                                        {product} {ergonomic}
   size_t G1HeapRegionSize                         = 2097152                                   {product} {ergonomic}
    uintx GCDrainStackTargetSize                   = 64                                        {product} {ergonomic}
   size_t InitialHeapSize                          = 268435456                                 {product} {ergonomic}
   size_t MarkStackSize                            = 4194304                                   {product} {ergonomic}
   size_t MaxHeapSize                              = 4265607168                                {product} {ergonomic}
   size_t MaxNewSize                               = 2558525440                                {product} {ergonomic}
   size_t MinHeapDeltaBytes                        = 2097152                                   {product} {ergonomic}
   size_t MinHeapSize                              = 8388608                                   {product} {ergonomic}
    uintx NonNMethodCodeHeapSize                   = 7602480                                {pd product} {ergonomic}
    uintx NonProfiledCodeHeapSize                  = 122027880                              {pd product} {ergonomic}
    uintx ProfiledCodeHeapSize                     = 122027880                              {pd product} {ergonomic}
    uintx ReservedCodeCacheSize                    = 251658240                              {pd product} {ergonomic}
     bool SegmentedCodeCache                       = true                                      {product} {ergonomic}
   size_t SoftMaxHeapSize                          = 4265607168                             {manageable} {ergonomic}
     bool UseCompressedClassPointers               = true                           {product lp64_product} {ergonomic}
     bool UseCompressedOops                        = true                           {product lp64_product} {ergonomic}
     bool UseG1GC                                  = true                                      {product} {ergonomic}
     bool UseLargePagesIndividualAllocation        = false                                  {pd product} {ergonomic}

Logging:
Log output configuration:
 #0: stdout all=warning uptime,level,tags
 #1: stderr all=off uptime,level,tags

Environment Variables:
JAVA_HOME=C:\Program Files\Java\jdk-17
CLASSPATH=c:\Users\Cliente\.vscode\extensions\adamvoss.vscode-languagetool-3.8.0\lib\languagetool-languageserver\build\install\languagetool-languageserver\bin\..\lib\*;c:\Users\Cliente\.vscode\extensions\adamvoss.vscode-languagetool-en-3.8.0\lib\*
PATH=C:\Python311\Scripts\;C:\Python311\;C:\Program Files\Common Files\Oracle\Java\javapath;C:\Program Files (x86)\Common Files\Intel\Shared Libraries\redist\intel64\compiler;C:\Windows\system32;C:\Windows;C:\Windows\System32\Wbem;C:\Windows\System32\WindowsPowerShell\v1.0\;C:\Windows\System32\OpenSSH\;C:\Program Files\NVIDIA Corporation\NVIDIA NvDLISR;C:\Program Files (x86)\NVIDIA Corporation\PhysX\Common;C:\Program Files\nodejs\;C:\ProgramData\chocolatey\bin;C:\Program Files\Git\cmd;C:\WINDOWS\system32;C:\WINDOWS;C:\WINDOWS\System32\Wbem;C:\WINDOWS\System32\WindowsPowerShell\v1.0\;C:\WINDOWS\System32\OpenSSH\;C:\Program Files\dotnet\;C:\Users\Cliente\AppData\Local\Microsoft\WindowsApps;C:\Users\Cliente\AppData\Local\Programs\Microsoft VS Code\bin;C:\Users\Cliente\AppData\Roaming\npm;C:\Users\Cliente\AppData\Local\GitHubDesktop\bin;C:\Program Files\Java\jdk-17\bin;
USERNAME=Cliente
OS=Windows_NT
PROCESSOR_IDENTIFIER=AMD64 Family 25 Model 33 Stepping 0, AuthenticAMD



---------------  S Y S T E M  ---------------

OS:
 Windows 11 , 64 bit Build 22621 (10.0.22621.3085)
OS uptime: 0 days 21:49 hours
Hyper-V role detected

CPU: total 16 (initial active 16) (16 cores per cpu, 2 threads per core) family 25 model 33 stepping 0 microcode 0x0, cx8, cmov, fxsr, ht, mmx, 3dnowpref, sse, sse2, sse3, ssse3, sse4a, sse4.1, sse4.2, popcnt, lzcnt, tsc, tscinvbit, avx, avx2, aes, erms, clmul, bmi1, bmi2, adx, sha, fma, vzeroupper, clflush, clflushopt, hv

Memory: 4k page, system-wide physical 16271M (6735M free)
TotalPageFile size 65423M (AvailPageFile size 0M)
current process WorkingSet (physical memory assigned to process): 37M, peak: 37M
current process commit charge ("private bytes"): 356M, peak: 356M

vm_info: Java HotSpot(TM) 64-Bit Server VM (17.0.8+9-LTS-211) for windows-amd64 JRE (17.0.8+9-LTS-211), built on Jun 14 2023 10:34:31 by "mach5one" with MS VC++ 17.1 (VS2022)

END.
